<?xml version="1.0" encoding="UTF-8"?>
<!-- Generated by org.testng.reporters.JUnitReportReporter -->
<testsuite hostname="PSL-5CD44041VY" failures="0" tests="1" name="TestNG_practice.Parameters_Subtract" time="0.003" errors="0" timestamp="2024-11-23T13:29:02 IST" skipped="0">
  <testcase classname="TestNG_practice.Parameters_Subtract" name="subtract" time="0.003"/>
</testsuite> <!-- TestNG_practice.Parameters_Subtract -->
