<?xml version="1.0" encoding="UTF-8"?>
<!-- Generated by org.testng.reporters.JUnitReportReporter -->
<testsuite hostname="PSL-5CD44041VY" failures="0" tests="2" name="TestNG_practice.Day1Testing" time="0.009" errors="0" timestamp="2024-11-22T20:12:19 IST" skipped="0">
  <testcase classname="TestNG_practice.Day1Testing" name="test2" time="0.002"/>
  <testcase classname="TestNG_practice.Day1Testing" name="test1" time="0.007"/>
</testsuite> <!-- TestNG_practice.Day1Testing -->
