<?xml version="1.0" encoding="UTF-8"?>
<!-- Generated by org.testng.reporters.JUnitReportReporter -->
<testsuite hostname="PSL-5CD44041VY" failures="0" tests="2" name="TestNG_practice.Day1_practice" time="0.016" errors="0" timestamp="2024-11-23T12:59:33 IST" skipped="0">
  <testcase classname="TestNG_practice.Day1_practice" name="test2" time="0.012"/>
  <testcase classname="TestNG_practice.Day1_practice" name="test3" time="0.004"/>
</testsuite> <!-- TestNG_practice.Day1_practice -->
