<?xml version="1.0" encoding="UTF-8"?>
<!-- Generated by org.testng.reporters.JUnitReportReporter -->
<testsuite hostname="PSL-5CD44041VY" failures="0" tests="2" name="TestNG_practice.Day2_practice" time="0.004" errors="0" timestamp="2024-11-23T12:59:33 IST" skipped="0">
  <testcase classname="TestNG_practice.Day2_practice" name="day2_test2" time="0.002"/>
  <testcase classname="TestNG_practice.Day2_practice" name="day2_test3" time="0.002"/>
</testsuite> <!-- TestNG_practice.Day2_practice -->
